2015/08/06 15:31:10 [error] [exception.CException] exception 'CException' with message 'CAssetManager.basePath "/opt/lampp/htdocs/blog/demos/blog/assets" is invalid. Please make sure the directory exists and is writable by the Web server process.' in /opt/lampp/htdocs/blog/framework/web/CAssetManager.php:138
Stack trace:
#0 /opt/lampp/htdocs/blog/framework/web/CAssetManager.php(123): CAssetManager->setBasePath('/opt/lampp/htdo...')
#1 /opt/lampp/htdocs/blog/framework/web/CAssetManager.php(217): CAssetManager->getBasePath()
#2 /opt/lampp/htdocs/blog/framework/zii/widgets/CListView.php(217): CAssetManager->publish('/opt/lampp/htdo...')
#3 /opt/lampp/htdocs/blog/framework/web/CBaseController.php(147): CListView->init()
#4 /opt/lampp/htdocs/blog/framework/web/CBaseController.php(180): CBaseController->createWidget('zii.widgets.CLi...', Array)
#5 /opt/lampp/htdocs/blog/demos/blog/protected/views/post/index.php(9): CBaseController->widget('zii.widgets.CLi...', Array)
#6 /opt/lampp/htdocs/blog/framework/web/CBaseController.php(126): require('/opt/lampp/htdo...')
#7 /opt/lampp/htdocs/blog/framework/web/CBaseController.php(95): CBaseController->renderInternal('/opt/lampp/htdo...', Array, true)
#8 /opt/lampp/htdocs/blog/framework/web/CController.php(869): CBaseController->renderFile('/opt/lampp/htdo...', Array, true)
#9 /opt/lampp/htdocs/blog/framework/web/CController.php(782): CController->renderPartial('index', Array, true)
#10 /opt/lampp/htdocs/blog/demos/blog/protected/controllers/PostController.php(136): CController->render('index', Array)
#11 /opt/lampp/htdocs/blog/framework/web/actions/CInlineAction.php(49): PostController->actionIndex()
#12 /opt/lampp/htdocs/blog/framework/web/CController.php(308): CInlineAction->runWithParams(Array)
#13 /opt/lampp/htdocs/blog/framework/web/filters/CFilterChain.php(133): CController->runAction(Object(CInlineAction))
#14 /opt/lampp/htdocs/blog/framework/web/filters/CFilter.php(40): CFilterChain->run()
#15 /opt/lampp/htdocs/blog/framework/web/CController.php(1145): CFilter->filter(Object(CFilterChain))
#16 /opt/lampp/htdocs/blog/framework/web/filters/CInlineFilter.php(58): CController->filterAccessControl(Object(CFilterChain))
#17 /opt/lampp/htdocs/blog/framework/web/filters/CFilterChain.php(130): CInlineFilter->filter(Object(CFilterChain))
#18 /opt/lampp/htdocs/blog/framework/web/CController.php(291): CFilterChain->run()
#19 /opt/lampp/htdocs/blog/framework/web/CController.php(265): CController->runActionWithFilters(Object(CInlineAction), Array)
#20 /opt/lampp/htdocs/blog/framework/web/CWebApplication.php(282): CController->run('')
#21 /opt/lampp/htdocs/blog/framework/web/CWebApplication.php(141): CWebApplication->runController('')
#22 /opt/lampp/htdocs/blog/framework/base/CApplication.php(184): CWebApplication->processRequest()
#23 /opt/lampp/htdocs/blog/demos/blog/index.php(11): CApplication->run()
#24 {main}
REQUEST_URI=/blog/demos/blog/
HTTP_REFERER=http://blog/blog/demos/
---
2015/08/06 15:31:30 [error] [exception.CException] exception 'CException' with message 'CAssetManager.basePath "/opt/lampp/htdocs/blog/demos/blog/assets" is invalid. Please make sure the directory exists and is writable by the Web server process.' in /opt/lampp/htdocs/blog/framework/web/CAssetManager.php:138
Stack trace:
#0 /opt/lampp/htdocs/blog/framework/web/CAssetManager.php(123): CAssetManager->setBasePath('/opt/lampp/htdo...')
#1 /opt/lampp/htdocs/blog/framework/web/CAssetManager.php(217): CAssetManager->getBasePath()
#2 /opt/lampp/htdocs/blog/framework/zii/widgets/CListView.php(217): CAssetManager->publish('/opt/lampp/htdo...')
#3 /opt/lampp/htdocs/blog/framework/web/CBaseController.php(147): CListView->init()
#4 /opt/lampp/htdocs/blog/framework/web/CBaseController.php(180): CBaseController->createWidget('zii.widgets.CLi...', Array)
#5 /opt/lampp/htdocs/blog/demos/blog/protected/views/post/index.php(9): CBaseController->widget('zii.widgets.CLi...', Array)
#6 /opt/lampp/htdocs/blog/framework/web/CBaseController.php(126): require('/opt/lampp/htdo...')
#7 /opt/lampp/htdocs/blog/framework/web/CBaseController.php(95): CBaseController->renderInternal('/opt/lampp/htdo...', Array, true)
#8 /opt/lampp/htdocs/blog/framework/web/CController.php(869): CBaseController->renderFile('/opt/lampp/htdo...', Array, true)
#9 /opt/lampp/htdocs/blog/framework/web/CController.php(782): CController->renderPartial('index', Array, true)
#10 /opt/lampp/htdocs/blog/demos/blog/protected/controllers/PostController.php(136): CController->render('index', Array)
#11 /opt/lampp/htdocs/blog/framework/web/actions/CInlineAction.php(49): PostController->actionIndex()
#12 /opt/lampp/htdocs/blog/framework/web/CController.php(308): CInlineAction->runWithParams(Array)
#13 /opt/lampp/htdocs/blog/framework/web/filters/CFilterChain.php(133): CController->runAction(Object(CInlineAction))
#14 /opt/lampp/htdocs/blog/framework/web/filters/CFilter.php(40): CFilterChain->run()
#15 /opt/lampp/htdocs/blog/framework/web/CController.php(1145): CFilter->filter(Object(CFilterChain))
#16 /opt/lampp/htdocs/blog/framework/web/filters/CInlineFilter.php(58): CController->filterAccessControl(Object(CFilterChain))
#17 /opt/lampp/htdocs/blog/framework/web/filters/CFilterChain.php(130): CInlineFilter->filter(Object(CFilterChain))
#18 /opt/lampp/htdocs/blog/framework/web/CController.php(291): CFilterChain->run()
#19 /opt/lampp/htdocs/blog/framework/web/CController.php(265): CController->runActionWithFilters(Object(CInlineAction), Array)
#20 /opt/lampp/htdocs/blog/framework/web/CWebApplication.php(282): CController->run('')
#21 /opt/lampp/htdocs/blog/framework/web/CWebApplication.php(141): CWebApplication->runController('')
#22 /opt/lampp/htdocs/blog/framework/base/CApplication.php(184): CWebApplication->processRequest()
#23 /opt/lampp/htdocs/blog/demos/blog/index.php(11): CApplication->run()
#24 {main}
REQUEST_URI=/blog/demos/blog/
HTTP_REFERER=http://blog/blog/demos/
---
2015/08/11 12:46:04 [error] [exception.CHttpException.404] exception 'CHttpException' with message 'The system is unable to find the requested action "index".' in /opt/lampp/htdocs/blog/framework/web/CController.php:483
Stack trace:
#0 /opt/lampp/htdocs/blog/framework/web/CController.php(270): CController->missingAction('')
#1 /opt/lampp/htdocs/blog/framework/web/CWebApplication.php(282): CController->run('')
#2 /opt/lampp/htdocs/blog/framework/web/CWebApplication.php(141): CWebApplication->runController('')
#3 /opt/lampp/htdocs/blog/framework/base/CApplication.php(184): CWebApplication->processRequest()
#4 /opt/lampp/htdocs/blog/demos/blog/index.php(11): CApplication->run()
#5 {main}
REQUEST_URI=/blog/demos/blog/
HTTP_REFERER=http://blog/blog/demos/
---
2015/08/11 12:59:06 [error] [php] Undefined variable: model (/opt/lampp/htdocs/blog/demos/blog/protected/views/post/create.php:8)
Stack trace:
#0 /opt/lampp/htdocs/blog/framework/web/CController.php(869): PostController->renderFile()
#1 /opt/lampp/htdocs/blog/framework/web/CController.php(782): PostController->renderPartial()
#2 /opt/lampp/htdocs/blog/demos/blog/protected/controllers/PostController.php(136): PostController->render()
#3 /opt/lampp/htdocs/blog/framework/web/actions/CInlineAction.php(49): PostController->actionIndex()
#4 /opt/lampp/htdocs/blog/framework/web/CController.php(308): CInlineAction->runWithParams()
#5 /opt/lampp/htdocs/blog/framework/web/filters/CFilterChain.php(133): PostController->runAction()
#6 /opt/lampp/htdocs/blog/framework/web/filters/CFilter.php(40): CFilterChain->run()
#7 /opt/lampp/htdocs/blog/framework/web/CController.php(1145): CAccessControlFilter->filter()
#8 /opt/lampp/htdocs/blog/framework/web/filters/CInlineFilter.php(58): PostController->filterAccessControl()
#9 /opt/lampp/htdocs/blog/framework/web/filters/CFilterChain.php(130): CInlineFilter->filter()
#10 /opt/lampp/htdocs/blog/framework/web/CController.php(291): CFilterChain->run()
#11 /opt/lampp/htdocs/blog/framework/web/CController.php(265): PostController->runActionWithFilters()
#12 /opt/lampp/htdocs/blog/framework/web/CWebApplication.php(282): PostController->run()
#13 /opt/lampp/htdocs/blog/framework/web/CWebApplication.php(141): CWebApplication->runController()
#14 /opt/lampp/htdocs/blog/framework/base/CApplication.php(184): CWebApplication->processRequest()
#15 /opt/lampp/htdocs/blog/demos/blog/index.php(11): CWebApplication->run()
REQUEST_URI=/blog/demos/blog/
2015/08/11 16:07:12 [error] [exception.CHttpException.404] exception 'CHttpException' with message 'The system is unable to find the requested action "create".' in /opt/lampp/htdocs/blog/framework/web/CController.php:483
Stack trace:
#0 /opt/lampp/htdocs/blog/framework/web/CController.php(270): CController->missingAction('create')
#1 /opt/lampp/htdocs/blog/framework/web/CWebApplication.php(282): CController->run('create')
#2 /opt/lampp/htdocs/blog/framework/web/CWebApplication.php(141): CWebApplication->runController('comment/create')
#3 /opt/lampp/htdocs/blog/framework/base/CApplication.php(184): CWebApplication->processRequest()
#4 /opt/lampp/htdocs/blog/demos/blog/index.php(11): CApplication->run()
#5 {main}
REQUEST_URI=/blog/demos/blog/index.php/comment/create
---
2015/08/11 16:10:39 [error] [exception.CHttpException.404] exception 'CHttpException' with message 'The system is unable to find the requested action "create".' in /opt/lampp/htdocs/blog/framework/web/CController.php:483
Stack trace:
#0 /opt/lampp/htdocs/blog/framework/web/CController.php(270): CController->missingAction('create')
#1 /opt/lampp/htdocs/blog/framework/web/CWebApplication.php(282): CController->run('create')
#2 /opt/lampp/htdocs/blog/framework/web/CWebApplication.php(141): CWebApplication->runController('comment/create')
#3 /opt/lampp/htdocs/blog/framework/base/CApplication.php(184): CWebApplication->processRequest()
#4 /opt/lampp/htdocs/blog/demos/blog/index.php(11): CApplication->run()
#5 {main}
REQUEST_URI=/blog/demos/blog/index.php/comment/create
---
2015/08/12 10:01:56 [error] [exception.CException] exception 'CException' with message 'CommentController and its behaviors do not have a method or closure named "loadModel".' in /opt/lampp/htdocs/blog/framework/base/CComponent.php:266
Stack trace:
#0 /opt/lampp/htdocs/blog/demos/blog/protected/controllers/CommentController.php(72): CComponent->__call('loadModel', Array)
#1 /opt/lampp/htdocs/blog/demos/blog/protected/controllers/CommentController.php(72): CommentController->loadModel()
#2 /opt/lampp/htdocs/blog/framework/web/actions/CInlineAction.php(49): CommentController->actionDelete()
#3 /opt/lampp/htdocs/blog/framework/web/CController.php(308): CInlineAction->runWithParams(Array)
#4 /opt/lampp/htdocs/blog/framework/web/filters/CFilterChain.php(133): CController->runAction(Object(CInlineAction))
#5 /opt/lampp/htdocs/blog/framework/web/filters/CFilter.php(40): CFilterChain->run()
#6 /opt/lampp/htdocs/blog/framework/web/CController.php(1145): CFilter->filter(Object(CFilterChain))
#7 /opt/lampp/htdocs/blog/framework/web/filters/CInlineFilter.php(58): CController->filterAccessControl(Object(CFilterChain))
#8 /opt/lampp/htdocs/blog/framework/web/filters/CFilterChain.php(130): CInlineFilter->filter(Object(CFilterChain))
#9 /opt/lampp/htdocs/blog/framework/web/CController.php(291): CFilterChain->run()
#10 /opt/lampp/htdocs/blog/framework/web/CController.php(265): CController->runActionWithFilters(Object(CInlineAction), Array)
#11 /opt/lampp/htdocs/blog/framework/web/CWebApplication.php(282): CController->run('delete')
#12 /opt/lampp/htdocs/blog/framework/web/CWebApplication.php(141): CWebApplication->runController('comment/delete')
#13 /opt/lampp/htdocs/blog/framework/base/CApplication.php(184): CWebApplication->processRequest()
#14 /opt/lampp/htdocs/blog/demos/blog/index.php(11): CApplication->run()
#15 {main}
REQUEST_URI=/blog/demos/blog/index.php/comment/delete?id=2
HTTP_REFERER=http://blog/blog/demos/blog/index.php/comment/index
---
2015/08/12 10:02:23 [error] [exception.CException] exception 'CException' with message 'CommentController and its behaviors do not have a method or closure named "loadModel".' in /opt/lampp/htdocs/blog/framework/base/CComponent.php:266
Stack trace:
#0 /opt/lampp/htdocs/blog/demos/blog/protected/controllers/CommentController.php(45): CComponent->__call('loadModel', Array)
#1 /opt/lampp/htdocs/blog/demos/blog/protected/controllers/CommentController.php(45): CommentController->loadModel()
#2 /opt/lampp/htdocs/blog/framework/web/actions/CInlineAction.php(49): CommentController->actionUpdate()
#3 /opt/lampp/htdocs/blog/framework/web/CController.php(308): CInlineAction->runWithParams(Array)
#4 /opt/lampp/htdocs/blog/framework/web/filters/CFilterChain.php(133): CController->runAction(Object(CInlineAction))
#5 /opt/lampp/htdocs/blog/framework/web/filters/CFilter.php(40): CFilterChain->run()
#6 /opt/lampp/htdocs/blog/framework/web/CController.php(1145): CFilter->filter(Object(CFilterChain))
#7 /opt/lampp/htdocs/blog/framework/web/filters/CInlineFilter.php(58): CController->filterAccessControl(Object(CFilterChain))
#8 /opt/lampp/htdocs/blog/framework/web/filters/CFilterChain.php(130): CInlineFilter->filter(Object(CFilterChain))
#9 /opt/lampp/htdocs/blog/framework/web/CController.php(291): CFilterChain->run()
#10 /opt/lampp/htdocs/blog/framework/web/CController.php(265): CController->runActionWithFilters(Object(CInlineAction), Array)
#11 /opt/lampp/htdocs/blog/framework/web/CWebApplication.php(282): CController->run('update')
#12 /opt/lampp/htdocs/blog/framework/web/CWebApplication.php(141): CWebApplication->runController('comment/update')
#13 /opt/lampp/htdocs/blog/framework/base/CApplication.php(184): CWebApplication->processRequest()
#14 /opt/lampp/htdocs/blog/demos/blog/index.php(11): CApplication->run()
#15 {main}
REQUEST_URI=/blog/demos/blog/index.php/comment/update?id=2
HTTP_REFERER=http://blog/blog/demos/blog/index.php/comment/index
---
